{"meta": {"version": "7.2.7", "timestamp": "2025-10-13T01:20:37.853288", "branch_coverage": false, "show_contexts": false}, "files": {"audio_manager.py": {"executed_lines": [], "summary": {"covered_lines": 0, "num_statements": 88, "percent_covered": 0.0, "percent_covered_display": "0", "missing_lines": 88, "excluded_lines": 0}, "missing_lines": [2, 4, 6, 7, 8, 9, 10, 13, 16, 17, 18, 20, 22, 23, 24, 29, 30, 31, 33, 39, 40, 42, 43, 44, 45, 46, 49, 51, 53, 55, 56, 60, 62, 64, 65, 66, 68, 70, 76, 78, 79, 80, 81, 82, 84, 85, 87, 88, 91, 92, 93, 94, 95, 96, 98, 102, 103, 104, 105, 107, 116, 118, 119, 120, 121, 122, 125, 126, 129, 132, 133, 134, 150, 151, 154, 155, 156, 157, 159, 160, 161, 162, 163, 164, 165, 166, 168, 169], "excluded_lines": []}, "clipboard_monitor.py": {"executed_lines": [], "summary": {"covered_lines": 0, "num_statements": 52, "percent_covered": 0.0, "percent_covered_display": "0", "missing_lines": 52, "excluded_lines": 0}, "missing_lines": [2, 3, 4, 7, 10, 17, 18, 19, 20, 21, 23, 32, 33, 35, 38, 40, 41, 43, 44, 45, 47, 49, 51, 53, 56, 57, 59, 61, 62, 64, 66, 68, 70, 71, 72, 74, 76, 77, 79, 82, 83, 84, 85, 88, 89, 91, 93, 94, 95, 96, 98, 104], "excluded_lines": []}, "config_manager.py": {"executed_lines": [1, 2, 3, 4, 7, 8, 10, 11, 12, 14, 20, 21, 22, 23, 28, 30, 36, 48, 54, 55, 56, 57, 62, 64, 66, 68, 70, 76, 77, 79, 85, 86, 88, 92, 101, 103, 105, 117, 153, 159, 161, 164, 167, 170, 173, 174, 181, 184, 191, 193, 195, 201, 203, 205, 226, 232, 234, 236, 242, 243, 247, 253, 254, 255, 257, 263, 264, 266, 272, 273, 274, 276, 282, 283, 285, 295, 304, 326, 343, 349, 351, 353, 359, 360], "summary": {"covered_lines": 82, "num_statements": 153, "percent_covered": 53.59477124183007, "percent_covered_display": "54", "missing_lines": 71, "excluded_lines": 0}, "missing_lines": [24, 25, 26, 58, 59, 60, 90, 98, 99, 111, 112, 115, 123, 124, 126, 127, 129, 130, 132, 134, 136, 139, 141, 144, 145, 146, 147, 149, 150, 151, 162, 168, 185, 186, 187, 188, 202, 207, 209, 210, 212, 213, 214, 216, 217, 218, 220, 221, 222, 224, 233, 291, 292, 293, 301, 302, 311, 314, 315, 316, 319, 320, 321, 322, 324, 335, 336, 337, 338, 339, 350], "excluded_lines": []}, "constants.py": {"executed_lines": [1, 2, 3, 8, 11, 14, 15, 18, 23, 26, 31, 34, 39, 42, 45, 50, 62, 66, 67, 68, 73, 76, 83], "summary": {"covered_lines": 22, "num_statements": 22, "percent_covered": 100.0, "percent_covered_display": "100", "missing_lines": 0, "excluded_lines": 0}, "missing_lines": [], "excluded_lines": []}, "logger.py": {"executed_lines": [1, 2, 3, 4, 5, 8, 9, 11, 20, 21, 24, 28, 31, 32, 33, 34, 39, 40, 43, 46, 52, 55, 56, 59, 63, 67, 68, 71, 72, 75, 76, 77, 79, 83, 85, 87, 91, 100, 104, 108, 115, 119, 126, 135], "summary": {"covered_lines": 42, "num_statements": 61, "percent_covered": 68.85245901639344, "percent_covered_display": "69", "missing_lines": 19, "excluded_lines": 0}, "missing_lines": [25, 35, 36, 81, 89, 98, 102, 106, 110, 111, 112, 113, 117, 121, 122, 124, 128, 129, 131], "excluded_lines": []}, "main.py": {"executed_lines": [], "summary": {"covered_lines": 0, "num_statements": 258, "percent_covered": 0.0, "percent_covered_display": "0", "missing_lines": 258, "excluded_lines": 0}, "missing_lines": [3, 6, 7, 8, 9, 10, 11, 12, 13, 14, 15, 16, 17, 18, 19, 20, 21, 22, 23, 26, 29, 30, 31, 33, 34, 36, 37, 38, 39, 40, 41, 42, 43, 46, 47, 48, 49, 50, 52, 62, 63, 64, 65, 68, 69, 72, 76, 77, 79, 81, 87, 88, 89, 91, 92, 94, 95, 96, 97, 99, 101, 103, 104, 106, 107, 108, 110, 111, 112, 113, 116, 117, 118, 120, 123, 125, 126, 128, 129, 131, 133, 135, 142, 143, 145, 147, 148, 149, 151, 152, 153, 155, 157, 159, 160, 161, 162, 169, 170, 173, 174, 175, 176, 177, 179, 182, 184, 185, 187, 190, 191, 193, 195, 196, 199, 200, 202, 203, 204, 206, 207, 210, 211, 212, 213, 214, 215, 216, 218, 219, 220, 221, 222, 224, 231, 233, 235, 242, 244, 245, 246, 248, 254, 255, 256, 257, 259, 261, 264, 265, 267, 269, 270, 271, 275, 278, 280, 282, 283, 285, 286, 288, 289, 291, 293, 294, 296, 298, 299, 300, 302, 304, 305, 306, 307, 309, 311, 312, 314, 316, 317, 320, 321, 322, 324, 325, 326, 329, 330, 331, 332, 333, 334, 335, 337, 338, 339, 340, 342, 344, 345, 346, 348, 349, 350, 355, 356, 357, 359, 361, 363, 364, 365, 366, 367, 370, 371, 373, 375, 377, 378, 379, 380, 381, 384, 385, 387, 389, 391, 392, 393, 394, 395, 396, 397, 398, 399, 401, 403, 409, 437, 440, 443, 444, 447, 448, 449, 451, 453, 456, 457, 459, 462, 465, 467, 468, 471, 472], "excluded_lines": []}, "music_manager.py": {"executed_lines": [1, 2, 3, 4, 5, 6, 7, 10, 11, 13, 20, 21, 22, 23, 25, 31, 32, 33, 35, 41, 43, 49, 50, 57, 58, 61, 62, 65, 69, 71, 72, 73, 75, 88, 98, 100, 102, 104, 105, 106, 107, 110, 111, 114, 115, 119, 131, 143, 145, 151, 153, 162, 164, 170, 172, 181, 182, 184, 186, 189, 191, 193, 202, 203, 204, 205, 207, 216, 217, 219, 220, 221], "summary": {"covered_lines": 70, "num_statements": 84, "percent_covered": 83.33333333333333, "percent_covered_display": "83", "missing_lines": 14, "excluded_lines": 0}, "missing_lines": [51, 66, 81, 82, 112, 116, 133, 134, 135, 136, 137, 138, 140, 141], "excluded_lines": []}, "music_window.py": {"executed_lines": [], "summary": {"covered_lines": 0, "num_statements": 851, "percent_covered": 0.0, "percent_covered_display": "0", "missing_lines": 851, "excluded_lines": 0}, "missing_lines": [2, 3, 4, 5, 6, 7, 8, 9, 10, 11, 12, 13, 14, 17, 20, 27, 28, 29, 32, 33, 34, 35, 36, 38, 40, 41, 44, 45, 48, 49, 52, 53, 54, 55, 56, 57, 58, 59, 60, 61, 62, 65, 68, 69, 70, 71, 72, 74, 76, 78, 79, 80, 81, 82, 83, 84, 85, 86, 87, 89, 92, 93, 95, 97, 98, 99, 102, 103, 104, 105, 106, 107, 108, 111, 112, 115, 116, 118, 125, 128, 141, 144, 145, 148, 149, 150, 152, 160, 163, 164, 166, 167, 170, 171, 172, 179, 180, 182, 189, 190, 193, 194, 195, 198, 199, 201, 209, 212, 213, 215, 223, 232, 233, 236, 248, 250, 251, 253, 264, 265, 266, 269, 270, 271, 273, 281, 283, 284, 287, 294, 297, 305, 314, 317, 326, 329, 336, 338, 344, 347, 348, 350, 363, 365, 378, 380, 393, 396, 397, 399, 412, 415, 423, 436, 437, 439, 440, 443, 446, 449, 451, 453, 455, 457, 458, 459, 462, 463, 466, 469, 470, 472, 475, 476, 477, 478, 479, 481, 482, 485, 488, 489, 491, 493, 494, 496, 498, 500, 502, 503, 506, 507, 509, 511, 513, 514, 516, 518, 519, 520, 521, 523, 524, 526, 527, 529, 531, 533, 534, 536, 537, 538, 539, 541, 542, 543, 544, 545, 546, 547, 549, 552, 553, 555, 556, 557, 559, 560, 562, 563, 565, 567, 569, 570, 572, 573, 574, 575, 577, 578, 579, 581, 582, 583, 584, 585, 586, 588, 589, 590, 591, 594, 596, 597, 598, 600, 601, 603, 604, 606, 608, 610, 611, 612, 614, 615, 616, 617, 618, 619, 621, 622, 623, 624, 626, 628, 631, 632, 634, 635, 636, 637, 639, 640, 642, 643, 645, 647, 649, 651, 652, 654, 655, 656, 657, 658, 659, 661, 662, 663, 664, 665, 666, 667, 668, 670, 672, 678, 679, 681, 682, 683, 684, 686, 688, 689, 690, 692, 693, 694, 695, 697, 703, 704, 705, 706, 707, 708, 709, 710, 713, 715, 716, 717, 720, 723, 726, 728, 730, 731, 732, 734, 736, 738, 739, 740, 741, 743, 744, 746, 747, 748, 749, 752, 753, 754, 755, 758, 759, 761, 763, 764, 766, 767, 769, 771, 772, 774, 776, 777, 778, 780, 782, 784, 785, 787, 788, 789, 792, 793, 795, 801, 802, 803, 805, 807, 809, 810, 811, 813, 814, 816, 817, 818, 821, 822, 824, 826, 827, 830, 831, 832, 833, 835, 837, 838, 839, 841, 843, 844, 845, 846, 849, 856, 857, 860, 861, 863, 865, 874, 875, 878, 879, 881, 883, 884, 887, 888, 892, 893, 896, 897, 898, 901, 904, 907, 909, 910, 912, 913, 914, 916, 922, 923, 925, 927, 928, 932, 934, 936, 938, 939, 941, 942, 943, 945, 951, 952, 955, 958, 959, 962, 963, 965, 967, 968, 970, 972, 974, 976, 978, 981, 982, 983, 986, 989, 990, 992, 995, 1001, 1002, 1003, 1006, 1007, 1009, 1011, 1013, 1014, 1016, 1019, 1020, 1024, 1027, 1028, 1029, 1030, 1031, 1034, 1035, 1037, 1038, 1041, 1050, 1051, 1054, 1062, 1071, 1074, 1082, 1083, 1085, 1086, 1087, 1089, 1091, 1098, 1101, 1114, 1117, 1118, 1120, 1133, 1135, 1148, 1150, 1152, 1153, 1154, 1156, 1159, 1160, 1166, 1168, 1170, 1171, 1174, 1175, 1177, 1185, 1186, 1187, 1190, 1197, 1198, 1200, 1201, 1206, 1209, 1211, 1213, 1222, 1223, 1224, 1225, 1226, 1229, 1230, 1232, 1233, 1236, 1245, 1254, 1255, 1258, 1259, 1262, 1274, 1275, 1278, 1279, 1280, 1281, 1283, 1284, 1287, 1288, 1290, 1291, 1292, 1293, 1294, 1297, 1298, 1300, 1301, 1304, 1305, 1308, 1310, 1323, 1325, 1338, 1340, 1350, 1351, 1352, 1353, 1354, 1357, 1358, 1360, 1361, 1364, 1373, 1374, 1385, 1394, 1395, 1397, 1400, 1401, 1409, 1417, 1420, 1421, 1426, 1427, 1429, 1430, 1431, 1432, 1434, 1435, 1438, 1439, 1440, 1442, 1455, 1458, 1459, 1461, 1462, 1463, 1464, 1465, 1468, 1469, 1472, 1473, 1474, 1475, 1476, 1479, 1481, 1494, 1496, 1509, 1511, 1514, 1515, 1516, 1519, 1522, 1524, 1526, 1527, 1528, 1530, 1531, 1534, 1535, 1536, 1537, 1539, 1541, 1543, 1544, 1545, 1547, 1548, 1551, 1552, 1555, 1556, 1557, 1558, 1559, 1560, 1561, 1564, 1565, 1568, 1577, 1586, 1589, 1595, 1596, 1599, 1608, 1610, 1612, 1615, 1618, 1620, 1622, 1625, 1628, 1633, 1636, 1641, 1643, 1645, 1648, 1651, 1653, 1655, 1657, 1659, 1660, 1661, 1663, 1664, 1665, 1666, 1668, 1670, 1672, 1673, 1674, 1676, 1679, 1680, 1681, 1682, 1684, 1685, 1686, 1689, 1691, 1692, 1693, 1694, 1696, 1698, 1699, 1700, 1702, 1705, 1706, 1708, 1709, 1710, 1712, 1713, 1714, 1717, 1719, 1720, 1721, 1722, 1724, 1727, 1732, 1733, 1736, 1738, 1739, 1740, 1741, 1744, 1746, 1747, 1748, 1749, 1751, 1754, 1759, 1760, 1763, 1764, 1765, 1767, 1768, 1769, 1771, 1772, 1773, 1776, 1778, 1779, 1780, 1781, 1783, 1791, 1792, 1793, 1794, 1797, 1800, 1802, 1803, 1804, 1807, 1808, 1809, 1810, 1811, 1812, 1813, 1815, 1816, 1819, 1828, 1838, 1847, 1856, 1858, 1859, 1866, 1874, 1877, 1878, 1880, 1881, 1882, 1883, 1884, 1887, 1890, 1892, 1893, 1896, 1897, 1900, 1905, 1912, 1913, 1914, 1917, 1918, 1920, 1921, 1922, 1925, 1927, 1929, 1930, 1931, 1933, 1946, 1948, 1961, 1963, 1966, 1968, 1969, 1970, 1972, 1975, 1976, 1978], "excluded_lines": []}, "rss_manager.py": {"executed_lines": [1, 2, 3, 4, 5, 6, 7, 10, 11, 13, 14, 15, 16, 18, 27, 28, 31, 32, 33, 34, 39, 49, 50, 51, 52, 55, 58, 60, 106, 146, 165, 171, 173, 275, 304, 306, 310, 316, 317, 318, 319, 321, 327, 328, 329, 330, 332, 341, 342, 344, 351, 352, 359, 361, 367, 368, 369, 370, 372, 381, 382, 384, 390], "summary": {"covered_lines": 61, "num_statements": 149, "percent_covered": 40.939597315436245, "percent_covered_display": "41", "missing_lines": 88, "excluded_lines": 0}, "missing_lines": [35, 36, 56, 69, 70, 73, 75, 76, 83, 84, 91, 93, 99, 100, 116, 117, 118, 125, 126, 127, 134, 138, 140, 155, 156, 157, 158, 160, 161, 162, 163, 184, 185, 186, 187, 190, 191, 193, 194, 196, 197, 199, 200, 201, 202, 203, 204, 205, 206, 207, 208, 209, 212, 213, 216, 218, 219, 221, 224, 225, 228, 229, 232, 234, 236, 238, 241, 242, 244, 246, 247, 248, 251, 253, 264, 269, 271, 272, 273, 284, 285, 287, 288, 289, 290, 295, 296, 302], "excluded_lines": []}, "rss_window.py": {"executed_lines": [], "summary": {"covered_lines": 0, "num_statements": 389, "percent_covered": 0.0, "percent_covered_display": "0", "missing_lines": 389, "excluded_lines": 0}, "missing_lines": [2, 3, 4, 5, 6, 7, 10, 13, 14, 15, 16, 17, 18, 19, 20, 21, 22, 23, 24, 26, 28, 30, 31, 32, 33, 34, 35, 36, 37, 38, 39, 41, 43, 44, 47, 48, 49, 50, 53, 54, 55, 56, 57, 58, 59, 62, 63, 66, 67, 69, 76, 79, 80, 83, 84, 87, 93, 98, 105, 111, 114, 117, 123, 125, 131, 134, 135, 138, 139, 140, 142, 150, 153, 154, 156, 157, 159, 165, 166, 168, 169, 172, 173, 175, 183, 186, 187, 189, 196, 198, 199, 201, 211, 214, 221, 224, 225, 227, 229, 242, 244, 257, 259, 272, 275, 276, 278, 279, 281, 287, 288, 289, 290, 291, 292, 293, 294, 297, 298, 299, 302, 303, 305, 306, 308, 316, 319, 325, 328, 329, 331, 342, 343, 346, 347, 348, 349, 352, 361, 364, 366, 369, 372, 373, 376, 378, 379, 380, 383, 384, 386, 388, 389, 390, 392, 393, 395, 396, 398, 399, 402, 404, 411, 412, 414, 415, 418, 419, 422, 423, 424, 427, 429, 430, 432, 439, 441, 442, 443, 446, 447, 450, 452, 453, 456, 457, 458, 459, 460, 463, 464, 465, 468, 469, 472, 473, 475, 477, 479, 481, 482, 484, 485, 488, 489, 492, 493, 494, 495, 496, 497, 498, 499, 501, 503, 505, 506, 507, 508, 509, 510, 511, 512, 513, 514, 515, 518, 519, 520, 521, 524, 525, 528, 530, 531, 532, 534, 535, 536, 537, 538, 539, 540, 542, 543, 544, 546, 548, 549, 551, 553, 554, 555, 557, 558, 560, 561, 563, 564, 565, 567, 568, 570, 571, 573, 579, 580, 583, 586, 587, 590, 593, 594, 596, 597, 599, 601, 603, 605, 606, 607, 608, 610, 612, 613, 614, 615, 617, 618, 620, 621, 623, 624, 625, 626, 627, 628, 629, 630, 631, 633, 635, 637, 640, 641, 642, 644, 645, 647, 648, 650, 653, 654, 655, 657, 659, 665, 666, 667, 669, 670, 671, 673, 675, 677, 678, 680, 683, 685, 686, 687, 689, 691, 694, 697, 698, 700, 702, 709, 710, 711, 714, 716, 717, 720, 721, 722, 723, 724, 725, 726, 728, 731, 732, 733, 735, 736, 738, 739, 741, 742, 743, 745, 746, 747, 750, 753, 754, 757, 761, 762, 765, 768, 769, 772, 774, 782, 783, 785, 786, 788, 796, 797, 799, 800, 802, 804, 805, 806], "excluded_lines": []}, "settings_window.py": {"executed_lines": [], "summary": {"covered_lines": 0, "num_statements": 114, "percent_covered": 0.0, "percent_covered_display": "0", "missing_lines": 114, "excluded_lines": 0}, "missing_lines": [2, 3, 6, 9, 10, 11, 12, 13, 14, 16, 18, 19, 20, 21, 24, 25, 28, 29, 30, 31, 34, 35, 36, 37, 38, 39, 42, 43, 46, 53, 55, 62, 65, 66, 68, 69, 72, 73, 76, 77, 80, 89, 95, 96, 98, 104, 106, 107, 109, 117, 119, 120, 128, 131, 132, 133, 134, 135, 136, 137, 140, 141, 144, 145, 147, 153, 155, 156, 158, 166, 168, 169, 177, 180, 181, 182, 183, 184, 185, 186, 189, 190, 192, 193, 195, 203, 206, 207, 210, 216, 219, 225, 228, 231, 233, 235, 237, 238, 240, 241, 242, 244, 245, 246, 249, 250, 252, 255, 256, 258, 260, 262, 263, 264], "excluded_lines": []}, "stats_window.py": {"executed_lines": [], "summary": {"covered_lines": 0, "num_statements": 100, "percent_covered": 0.0, "percent_covered_display": "0", "missing_lines": 100, "excluded_lines": 0}, "missing_lines": [2, 3, 6, 9, 10, 11, 12, 14, 16, 17, 18, 19, 22, 23, 26, 27, 28, 29, 32, 33, 34, 35, 36, 37, 38, 41, 42, 45, 52, 54, 61, 64, 65, 68, 70, 72, 73, 75, 82, 84, 91, 94, 95, 98, 101, 104, 106, 107, 109, 110, 113, 114, 117, 118, 119, 120, 122, 124, 130, 133, 134, 136, 144, 147, 148, 151, 152, 159, 162, 169, 172, 173, 174, 181, 184, 185, 187, 188, 189, 195, 198, 200, 202, 211, 212, 213, 214, 215, 216, 218, 219, 220, 221, 223, 224, 225, 227, 229, 230, 231], "excluded_lines": []}, "tests\\__init__.py": {"executed_lines": [1], "summary": {"covered_lines": 0, "num_statements": 0, "percent_covered": 100.0, "percent_covered_display": "100", "missing_lines": 0, "excluded_lines": 0}, "missing_lines": [], "excluded_lines": []}, "tests\\conftest.py": {"executed_lines": [1, 2, 3, 4, 5, 6, 9, 12, 13, 15, 16, 26, 27, 29, 32, 33, 34, 35, 38, 39, 41, 42, 45, 46, 47], "summary": {"covered_lines": 24, "num_statements": 26, "percent_covered": 92.3076923076923, "percent_covered_display": "92", "missing_lines": 2, "excluded_lines": 0}, "missing_lines": [48, 49], "excluded_lines": []}, "tests\\test_config_manager.py": {"executed_lines": [1, 2, 3, 4, 5, 8, 9, 11, 14, 16, 18, 19, 20, 21, 22, 24, 26, 28, 29, 30, 32, 34, 35, 37, 39, 42, 43, 44, 46, 48, 49, 51, 52, 54, 55, 56, 58, 60, 61, 63, 64, 66, 68, 70, 72, 74, 76, 78, 80, 82, 84, 86, 87, 89, 90, 92, 93, 94, 95, 97, 99, 101, 103, 105, 107, 108, 115, 116, 118, 120, 122, 124, 126, 128, 130, 132, 133, 135, 137, 139, 142, 143, 146, 147, 149, 151, 154, 155, 158, 159, 161, 162, 164, 166, 169, 170, 173, 176, 178, 179], "summary": {"covered_lines": 98, "num_statements": 98, "percent_covered": 100.0, "percent_covered_display": "100", "missing_lines": 0, "excluded_lines": 0}, "missing_lines": [], "excluded_lines": []}, "tests\\test_music_manager.py": {"executed_lines": [1, 2, 3, 4, 5, 8, 9, 11, 12, 14, 15, 17, 18, 20, 22, 24, 25, 26, 28, 30, 31, 33, 35, 37, 39, 40, 41, 43, 46, 47, 50, 51, 52, 55, 56, 65, 66, 69, 71, 72, 73, 74, 76, 78, 80, 82, 83, 84, 86, 88, 89, 91, 93, 94, 96, 98, 100, 102, 104, 105, 107, 109, 110, 112, 114, 121, 122, 125, 126, 129, 130, 132, 134, 139, 141, 142, 144, 146, 148, 150, 152, 154, 155, 156, 157, 160, 161], "summary": {"covered_lines": 85, "num_statements": 85, "percent_covered": 100.0, "percent_covered_display": "100", "missing_lines": 0, "excluded_lines": 0}, "missing_lines": [], "excluded_lines": []}, "tests\\test_rss_manager.py": {"executed_lines": [1, 2, 3, 6, 7, 9, 10, 12, 13, 15, 16, 18, 20, 22, 23, 25, 27, 35, 36, 38, 40, 48, 49, 51, 53, 55, 57, 59, 61, 63, 65, 67, 69, 71, 73, 75, 78, 79, 82, 83, 85, 87, 89, 91, 92, 99, 101, 103, 105, 106, 109, 110, 113, 114, 116, 118, 120, 122, 124, 125, 127, 128, 130, 131], "summary": {"covered_lines": 62, "num_statements": 62, "percent_covered": 100.0, "percent_covered_display": "100", "missing_lines": 0, "excluded_lines": 0}, "missing_lines": [], "excluded_lines": []}, "youtube_downloader.py": {"executed_lines": [], "summary": {"covered_lines": 0, "num_statements": 104, "percent_covered": 0.0, "percent_covered_display": "0", "missing_lines": 104, "excluded_lines": 0}, "missing_lines": [2, 3, 4, 5, 6, 9, 12, 18, 20, 22, 31, 34, 38, 39, 40, 41, 43, 45, 55, 57, 75, 83, 84, 85, 86, 89, 90, 91, 92, 93, 94, 95, 96, 104, 105, 106, 108, 109, 111, 112, 113, 114, 115, 116, 118, 129, 131, 132, 135, 138, 156, 164, 165, 166, 172, 173, 174, 175, 178, 179, 180, 182, 183, 186, 187, 188, 198, 219, 220, 221, 222, 235, 241, 242, 243, 244, 245, 247, 248, 250, 251, 252, 254, 256, 264, 265, 266, 267, 274, 286, 287, 289, 291, 301, 302, 307, 308, 309, 315, 321, 322, 328, 329, 330], "excluded_lines": []}}, "totals": {"covered_lines": 546, "num_statements": 2696, "percent_covered": 20.252225519287833, "percent_covered_display": "20", "missing_lines": 2150, "excluded_lines": 0}}