{"meta": {"version": "7.2.7", "timestamp": "2025-10-13T21:02:07.965901", "branch_coverage": false, "show_contexts": false}, "files": {"audio_manager.py": {"executed_lines": [1, 2, 4, 6, 7, 8, 9, 10, 13, 14, 16, 17, 18, 20, 22, 23, 24, 29, 30, 31, 33, 39, 40, 42, 43, 44, 49, 51, 53, 55, 56, 64, 65, 66, 68, 70, 76, 78, 79, 80, 84, 87, 88, 91, 92, 93, 94, 95, 96, 98, 102, 103, 104, 105, 107, 116, 118, 119, 120, 125, 126, 129, 132, 133, 134, 150, 151, 154, 155, 157, 159, 160, 161, 165, 166], "summary": {"covered_lines": 73, "num_statements": 88, "percent_covered": 82.95454545454545, "percent_covered_display": "83", "missing_lines": 15, "excluded_lines": 0}, "missing_lines": [45, 46, 60, 62, 81, 82, 85, 121, 122, 156, 162, 163, 164, 168, 169], "excluded_lines": []}, "clipboard_monitor.py": {"executed_lines": [1, 2, 3, 4, 7, 8, 10, 23, 49, 68, 74, 91, 98], "summary": {"covered_lines": 11, "num_statements": 52, "percent_covered": 21.153846153846153, "percent_covered_display": "21", "missing_lines": 41, "excluded_lines": 0}, "missing_lines": [17, 18, 19, 20, 21, 32, 33, 35, 38, 40, 41, 43, 44, 45, 47, 51, 53, 56, 57, 59, 61, 62, 64, 66, 70, 71, 72, 76, 77, 79, 82, 83, 84, 85, 88, 89, 93, 94, 95, 96, 104], "excluded_lines": []}, "config_manager.py": {"executed_lines": [1, 2, 3, 4, 7, 8, 10, 11, 12, 14, 20, 21, 22, 23, 28, 30, 36, 48, 54, 55, 56, 57, 62, 64, 66, 68, 70, 76, 77, 79, 85, 86, 88, 92, 101, 103, 105, 117, 153, 159, 161, 164, 167, 170, 173, 174, 181, 184, 191, 193, 195, 201, 203, 205, 226, 232, 234, 236, 242, 243, 247, 253, 254, 255, 257, 263, 264, 266, 272, 273, 274, 276, 282, 283, 285, 295, 304, 326, 343, 349, 351, 353, 359, 360, 364, 374, 376, 383, 384], "summary": {"covered_lines": 87, "num_statements": 158, "percent_covered": 55.063291139240505, "percent_covered_display": "55", "missing_lines": 71, "excluded_lines": 0}, "missing_lines": [24, 25, 26, 58, 59, 60, 90, 98, 99, 111, 112, 115, 123, 124, 126, 127, 129, 130, 132, 134, 136, 139, 141, 144, 145, 146, 147, 149, 150, 151, 162, 168, 185, 186, 187, 188, 202, 207, 209, 210, 212, 213, 214, 216, 217, 218, 220, 221, 222, 224, 233, 291, 292, 293, 301, 302, 311, 314, 315, 316, 319, 320, 321, 322, 324, 335, 336, 337, 338, 339, 350], "excluded_lines": []}, "constants.py": {"executed_lines": [1, 2, 3, 8, 11, 14, 15, 18, 23, 26, 31, 34, 39, 42, 45, 50, 62, 66, 67, 68, 73, 76, 83], "summary": {"covered_lines": 22, "num_statements": 22, "percent_covered": 100.0, "percent_covered_display": "100", "missing_lines": 0, "excluded_lines": 0}, "missing_lines": [], "excluded_lines": []}, "logger.py": {"executed_lines": [1, 2, 3, 4, 5, 8, 9, 11, 20, 21, 24, 28, 31, 32, 33, 34, 39, 40, 43, 46, 52, 55, 56, 59, 63, 67, 68, 71, 72, 75, 76, 77, 79, 81, 83, 85, 87, 89, 91, 98, 100, 104, 108, 115, 119, 126, 135], "summary": {"covered_lines": 45, "num_statements": 61, "percent_covered": 73.77049180327869, "percent_covered_display": "74", "missing_lines": 16, "excluded_lines": 0}, "missing_lines": [25, 35, 36, 102, 106, 110, 111, 112, 113, 117, 121, 122, 124, 128, 129, 131], "excluded_lines": []}, "main.py": {"executed_lines": [1, 3, 6, 7, 8, 9, 10, 11, 12, 13, 14, 15, 16, 17, 18, 19, 20, 21, 22, 23, 26, 27, 29, 30, 31, 33, 34, 36, 37, 38, 39, 40, 41, 42, 43, 46, 47, 48, 52, 62, 63, 64, 65, 68, 69, 72, 76, 77, 79, 81, 87, 88, 89, 91, 92, 94, 95, 96, 97, 99, 101, 103, 104, 106, 107, 108, 110, 111, 116, 117, 118, 123, 125, 126, 128, 129, 131, 133, 135, 142, 143, 145, 147, 148, 149, 151, 152, 153, 155, 157, 179, 193, 224, 231, 233, 235, 267, 269, 270, 271, 275, 278, 280, 282, 283, 285, 286, 288, 289, 291, 309, 342, 361, 375, 389, 403, 409, 437, 465, 471], "summary": {"covered_lines": 118, "num_statements": 258, "percent_covered": 45.736434108527135, "percent_covered_display": "46", "missing_lines": 140, "excluded_lines": 0}, "missing_lines": [49, 50, 112, 113, 120, 159, 160, 161, 162, 169, 170, 173, 174, 175, 176, 177, 182, 184, 185, 187, 190, 191, 195, 196, 199, 200, 202, 203, 204, 206, 207, 210, 211, 212, 213, 214, 215, 216, 218, 219, 220, 221, 222, 242, 244, 245, 246, 248, 254, 255, 256, 257, 259, 261, 264, 265, 293, 294, 296, 298, 299, 300, 302, 304, 305, 306, 307, 311, 312, 314, 316, 317, 320, 321, 322, 324, 325, 326, 329, 330, 331, 332, 333, 334, 335, 337, 338, 339, 340, 344, 345, 346, 348, 349, 350, 355, 356, 357, 359, 363, 364, 365, 366, 367, 370, 371, 373, 377, 378, 379, 380, 381, 384, 385, 387, 391, 392, 393, 394, 395, 396, 397, 398, 399, 401, 440, 443, 444, 447, 448, 449, 451, 453, 456, 457, 459, 462, 467, 468, 472], "excluded_lines": []}, "music_download_dialog.py": {"executed_lines": [1, 2, 3, 4, 5, 6, 7, 10, 11, 13, 22, 23, 24, 25, 28, 29, 31, 34, 35, 39, 42, 43, 44, 45, 46, 49, 50, 52, 53, 56, 65, 66, 69, 77, 86, 89, 97, 98, 100, 101, 104, 106, 113, 116, 129, 132, 133, 135, 151, 153, 166, 168, 177, 178, 180, 186, 188, 195, 196, 197, 199, 201, 203, 204, 207, 208, 210, 217, 219, 227, 234, 248, 250, 258, 259, 260, 261, 262, 265, 266, 268, 269, 272, 281, 290, 291, 294, 295, 298, 310, 311, 314, 315, 316, 317, 319, 320, 323, 324, 326, 346, 359, 361, 374, 376, 383, 384, 385, 388, 389, 392, 395, 413, 415, 417, 418, 419, 420, 421, 422, 423, 426, 427, 430, 439, 448, 451, 457, 458, 461, 469, 475, 476, 478, 480, 481, 483, 490, 491, 492, 494, 495, 498, 499, 500, 501, 503], "summary": {"covered_lines": 145, "num_statements": 169, "percent_covered": 85.79881656804734, "percent_covered_display": "86", "missing_lines": 24, "excluded_lines": 0}, "missing_lines": [102, 235, 237, 238, 243, 246, 327, 328, 329, 330, 333, 334, 336, 337, 340, 341, 344, 397, 399, 402, 405, 408, 409, 411], "excluded_lines": []}, "music_file_manager.py": {"executed_lines": [1, 8, 9, 10, 13, 14, 19, 25, 27, 37, 38, 39, 41, 44, 45, 46, 47, 50, 51, 52, 53, 58, 69, 70, 71, 73, 76, 77, 78, 81, 82, 83, 84, 87, 88, 89, 90, 93, 94, 95, 96, 101, 110, 113, 114, 115, 118, 119, 120, 121, 126, 135, 136, 139, 140, 141, 143, 145, 146, 149, 150, 151, 153, 158, 168, 169, 172, 173, 174, 175, 178, 179, 182, 183, 186, 187, 188, 190, 192, 193, 196, 197, 198, 200, 205, 214, 215, 217, 226], "summary": {"covered_lines": 87, "num_statements": 102, "percent_covered": 85.29411764705883, "percent_covered_display": "85", "missing_lines": 15, "excluded_lines": 0}, "missing_lines": [54, 55, 56, 97, 98, 99, 122, 123, 124, 154, 155, 156, 201, 202, 203], "excluded_lines": []}, "music_folder_actions.py": {"executed_lines": [1, 9, 10, 11, 14, 15, 17, 26, 27, 28, 29, 31, 33, 35, 37, 40, 41, 42, 44, 45, 48, 50, 51, 52, 55, 56, 57, 66, 73, 75, 82, 83, 84, 86, 87, 90, 92, 93, 94, 97, 98, 99, 108, 115, 117, 122, 123, 124, 126, 129, 131, 132, 133, 135, 136, 142, 148, 150, 152, 154, 155, 156, 157, 160, 161, 163, 166, 169, 171, 173, 174, 176, 177, 181, 185, 186, 189], "summary": {"covered_lines": 75, "num_statements": 91, "percent_covered": 82.41758241758242, "percent_covered_display": "82", "missing_lines": 16, "excluded_lines": 0}, "missing_lines": [59, 60, 62, 63, 64, 101, 102, 104, 105, 106, 138, 139, 140, 164, 191, 192], "excluded_lines": []}, "music_header_view.py": {"executed_lines": [1, 2, 5, 6, 8, 25, 26, 27, 28, 29, 32, 33, 34, 37, 38, 39, 40, 41, 42, 45, 47, 50, 51, 54, 61, 64, 65, 68, 81, 84, 97, 100, 113, 116, 129, 131, 133, 134, 136, 138, 139, 141, 146, 151, 153, 154, 155, 156, 157, 158, 159, 160], "summary": {"covered_lines": 50, "num_statements": 54, "percent_covered": 92.5925925925926, "percent_covered_display": "93", "missing_lines": 4, "excluded_lines": 0}, "missing_lines": [143, 144, 148, 149], "excluded_lines": []}, "music_history_dialog.py": {"executed_lines": [1, 2, 3, 4, 5, 8, 9, 11, 19, 20, 21, 23, 30, 31, 32, 33, 34, 35, 37, 38, 41, 42, 44, 52, 53, 62, 63, 65, 66, 69, 70, 78, 84, 86, 96, 97, 98, 99, 101, 102, 103, 104, 106, 107, 110, 111, 113, 115, 123, 124, 126, 139, 141, 154, 156, 157, 159, 166, 167, 168, 169, 170, 171, 173, 174, 177, 186, 187, 189, 190, 193, 194, 202, 208, 210, 220, 221, 222, 223, 224, 226, 227, 228, 229, 230, 232, 233, 236, 238, 239, 240, 243, 245, 247, 249, 258, 259, 261, 274, 276, 277, 279, 285, 291, 292, 293, 294, 295, 297, 306, 307, 308, 313, 322, 323, 324, 325, 326, 327, 329], "summary": {"covered_lines": 118, "num_statements": 120, "percent_covered": 98.33333333333333, "percent_covered_display": "98", "missing_lines": 2, "excluded_lines": 0}, "missing_lines": [309, 311], "excluded_lines": []}, "music_library_view.py": {"executed_lines": [1, 2, 3, 4, 7, 8, 10, 24, 25, 26, 27, 28, 29, 30, 33, 36, 37, 38, 39, 40, 41, 44, 45, 48, 51, 53, 56, 57, 58, 60, 68, 71, 72, 74, 75, 78, 79, 80, 89, 90, 92, 99, 100, 103, 104, 105, 108, 109, 111, 119, 122, 123, 125, 126, 129, 137, 143, 146, 156, 157, 160, 161, 163, 164, 165, 167, 169, 171, 176, 177, 180, 183, 184, 186, 194, 195, 196, 197, 198, 199, 200, 207, 215, 216, 218, 220, 221, 223, 225, 226, 229, 230, 232, 235, 237, 239, 240, 242, 243, 244, 259, 260, 262, 289, 295, 297, 298, 302, 303, 305, 306, 307, 308, 310, 316, 319, 320, 323, 324, 325, 327, 329, 330, 332, 338, 339, 342, 343, 346, 348, 354, 355, 358, 359, 361, 367, 369, 371, 372, 373, 375, 377, 378], "summary": {"covered_lines": 141, "num_statements": 178, "percent_covered": 79.21348314606742, "percent_covered_display": "79", "missing_lines": 37, "excluded_lines": 0}, "missing_lines": [172, 173, 227, 233, 245, 247, 248, 249, 251, 252, 253, 254, 255, 256, 264, 265, 266, 268, 269, 271, 272, 274, 276, 278, 279, 280, 282, 283, 284, 285, 286, 287, 293, 299, 340, 344, 356], "excluded_lines": []}, "music_manager.py": {"executed_lines": [1, 2, 3, 4, 5, 6, 7, 8, 11, 12, 14, 21, 22, 24, 25, 26, 28, 35, 36, 38, 39, 41, 47, 49, 55, 57, 59, 60, 72, 73, 76, 77, 80, 84, 86, 87, 88, 90, 103, 113, 115, 117, 119, 120, 121, 122, 125, 129, 130, 133, 134, 138, 150, 162, 164, 170, 172, 181, 183, 189, 191, 200, 201, 203, 205, 208, 210, 212, 221, 222, 223, 224, 226, 235, 236, 238, 239, 240], "summary": {"covered_lines": 76, "num_statements": 91, "percent_covered": 83.51648351648352, "percent_covered_display": "84", "missing_lines": 15, "excluded_lines": 0}, "missing_lines": [66, 81, 96, 97, 126, 131, 135, 152, 153, 154, 155, 156, 157, 159, 160], "excluded_lines": []}, "music_metadata_fetcher.py": {"executed_lines": [2, 13, 14, 15, 16, 17, 18, 21, 22, 24, 31, 32, 33, 34, 35, 36, 38, 44, 46, 52, 53, 55, 64, 67, 68, 69, 72, 73, 74, 77, 78, 79, 82, 83, 84, 86, 88, 95, 96, 97, 98, 99, 100, 101, 103, 104, 105, 106, 107, 108, 110, 111, 113, 123, 124, 125, 127, 128, 129, 131, 132, 133, 135, 136, 137, 139, 142, 144, 146, 147, 151, 152, 158, 159, 160, 169, 179, 181, 182, 184, 187, 190, 192, 194, 195, 197, 199, 200, 203, 204, 205, 207, 214, 215, 217, 219, 220, 221, 222, 223, 224, 226, 228, 238, 239, 241, 242, 244, 245, 248, 250, 251, 253, 254, 256, 257, 258, 259, 263, 265, 276, 278, 279, 280, 281, 283, 286, 287, 288, 291, 298, 299, 300, 301, 302, 304, 305, 306, 309, 310, 312, 313], "summary": {"covered_lines": 141, "num_statements": 151, "percent_covered": 93.37748344370861, "percent_covered_display": "93", "missing_lines": 10, "excluded_lines": 0}, "missing_lines": [155, 162, 164, 165, 167, 260, 261, 315, 316, 317], "excluded_lines": []}, "music_playback_view.py": {"executed_lines": [1, 2, 3, 4, 5, 6, 7, 8, 11, 12, 14, 56, 230, 245, 254, 263, 272, 289, 305, 315, 324, 349, 400], "summary": {"covered_lines": 21, "num_statements": 155, "percent_covered": 13.548387096774194, "percent_covered_display": "14", "missing_lines": 134, "excluded_lines": 0}, "missing_lines": [27, 28, 29, 30, 31, 32, 33, 36, 37, 38, 39, 40, 41, 42, 43, 46, 47, 50, 51, 52, 53, 54, 59, 60, 61, 63, 71, 73, 74, 77, 84, 87, 95, 104, 107, 116, 119, 126, 128, 134, 137, 138, 140, 153, 155, 168, 170, 183, 186, 187, 189, 202, 205, 213, 226, 227, 228, 236, 237, 239, 240, 243, 251, 252, 260, 261, 269, 270, 278, 285, 286, 287, 291, 292, 293, 294, 295, 296, 297, 298, 299, 300, 302, 303, 311, 312, 313, 321, 322, 330, 331, 334, 337, 338, 341, 342, 344, 346, 347, 358, 359, 362, 363, 365, 367, 368, 371, 372, 376, 377, 380, 381, 382, 385, 388, 391, 393, 394, 396, 397, 398, 406, 407, 409, 411, 412, 416, 418, 420, 422, 423, 425, 426, 427], "excluded_lines": []}, "music_player_controller.py": {"executed_lines": [1, 2, 3, 4, 5, 8, 9, 11, 17, 20, 21, 22, 23, 24, 25, 28, 29, 32, 33, 36, 37, 38, 42, 51, 52, 53, 54, 55, 56, 57, 58, 60, 61, 63, 64, 65, 67, 73, 75, 76, 77, 78, 81, 82, 84, 85, 86, 87, 90, 91, 92, 93, 101, 107, 110, 111, 112, 113, 115, 121, 124, 126, 127, 128, 129, 130, 132, 134, 136, 137, 139, 140, 141, 142, 143, 146, 147, 148, 149, 151, 157, 158, 159, 161, 162, 164, 170, 171, 172, 173, 176, 177, 179, 180, 182, 188, 194, 196, 203, 204, 205, 207, 213, 214, 216, 219, 221, 222, 224, 232, 234, 235, 236, 237, 239, 241, 242, 243], "summary": {"covered_lines": 116, "num_statements": 127, "percent_covered": 91.33858267716535, "percent_covered_display": "91", "missing_lines": 11, "excluded_lines": 0}, "missing_lines": [39, 40, 79, 96, 97, 98, 99, 108, 122, 217, 230], "excluded_lines": []}, "music_playlist_dialog.py": {"executed_lines": [1, 2, 3, 4, 7, 8, 18, 29, 30, 31, 32, 33, 35, 38, 39, 40, 41, 42, 43, 45, 46, 49, 50, 52, 61, 74, 77, 78, 80, 81, 84, 85, 93, 99, 101, 111, 112, 113, 115, 116, 117, 119, 120, 123, 124, 125, 132, 140, 143, 172, 175, 176, 178, 191, 193, 194, 196, 202, 207, 208, 210, 213, 218, 221, 222, 224, 225, 233, 240, 246, 247, 248, 254, 255, 259, 266, 272, 273, 275, 277, 278, 284, 285, 293, 300, 301, 304, 305, 312, 313, 315, 316, 318, 319, 323, 329, 331, 332, 336, 338, 341, 342, 343, 344, 345, 346, 347, 349, 350, 353, 354, 365, 374, 375, 377, 378, 380, 391, 392, 395, 396, 397, 400, 401, 403, 427, 440, 442, 455, 457, 459, 465, 466, 467, 468, 471, 472, 473, 474, 475, 476, 478, 479, 482, 483, 485, 493, 502, 503, 514, 515, 517, 518, 520, 521, 529, 535, 537, 546, 547, 548, 550, 551, 552, 554, 555, 558, 559, 560, 561, 562, 569, 587, 590, 591, 593, 606, 608, 621, 623, 624, 626, 632, 633, 637, 645, 646], "summary": {"covered_lines": 185, "num_statements": 235, "percent_covered": 78.72340425531915, "percent_covered_display": "79", "missing_lines": 50, "excluded_lines": 0}, "missing_lines": [133, 134, 135, 136, 137, 138, 144, 145, 146, 148, 149, 150, 152, 153, 157, 161, 165, 166, 170, 219, 227, 257, 287, 302, 321, 337, 404, 405, 406, 407, 409, 410, 411, 413, 414, 419, 421, 570, 571, 572, 573, 574, 575, 576, 577, 579, 584, 585, 635, 648], "excluded_lines": []}, "music_search_view.py": {"executed_lines": [1, 2, 3, 6, 7, 9, 19, 20, 21, 22, 25, 26, 27, 28, 29, 30, 33, 36, 37, 40, 42, 45, 55, 56, 59, 68, 77, 78, 81, 93, 95, 97, 99, 101, 102, 103, 106, 109, 110, 112, 114, 116, 119, 120, 122, 124, 130, 131, 134, 136, 137, 139, 141, 142], "summary": {"covered_lines": 52, "num_statements": 53, "percent_covered": 98.11320754716981, "percent_covered_display": "98", "missing_lines": 1, "excluded_lines": 0}, "missing_lines": [132], "excluded_lines": []}, "music_song_actions.py": {"executed_lines": [1, 2, 3, 4, 5, 8, 9, 11, 22, 23, 24, 25, 26, 29, 30, 31, 32, 33, 35, 41, 45, 46, 47, 49, 50, 52, 53, 54, 55, 58, 59, 61, 63, 73, 79, 80, 83, 85, 86, 88, 94, 95, 97, 103, 104, 106, 113, 114, 115, 120, 123, 126, 128, 129, 134, 137, 139, 148, 149, 150, 151, 152, 153, 154, 156, 157, 160, 169, 179, 188, 197, 199, 200, 207, 215, 218, 219, 221, 270, 283, 285, 298], "summary": {"covered_lines": 80, "num_statements": 97, "percent_covered": 82.47422680412372, "percent_covered_display": "82", "missing_lines": 17, "excluded_lines": 0}, "missing_lines": [42, 222, 223, 224, 229, 232, 235, 237, 238, 240, 246, 249, 250, 255, 256, 262, 268], "excluded_lines": []}, "music_window.py": {"executed_lines": [1, 2, 3, 4, 5, 6, 7, 8, 9, 10, 11, 12, 13, 14, 15, 16, 17, 18, 19, 20, 21, 22, 23, 24, 25, 26, 29, 30, 32, 39, 40, 41, 44, 45, 46, 47, 48, 50, 52, 53, 56, 57, 60, 61, 64, 65, 66, 67, 68, 69, 70, 71, 72, 73, 74, 75, 76, 77, 78, 79, 82, 85, 88, 91, 94, 100, 103, 106, 109, 110, 111, 115, 268, 280, 285, 300, 312, 324, 335, 341, 345, 346, 347, 348, 349, 350, 352, 402, 425, 454, 462, 488, 500, 534, 557, 583, 587, 618, 628, 640, 645, 664, 683, 702, 707, 712, 716, 720, 724, 728, 734, 759, 768], "summary": {"covered_lines": 111, "num_statements": 395, "percent_covered": 28.10126582278481, "percent_covered_display": "28", "missing_lines": 284, "excluded_lines": 0}, "missing_lines": [112, 113, 117, 119, 120, 121, 122, 123, 124, 125, 126, 127, 128, 130, 133, 134, 136, 138, 139, 140, 143, 150, 159, 167, 168, 169, 170, 171, 172, 173, 176, 177, 181, 190, 191, 194, 195, 198, 206, 209, 219, 220, 223, 232, 235, 236, 237, 238, 239, 240, 241, 242, 245, 254, 255, 258, 261, 264, 266, 270, 272, 273, 274, 277, 278, 282, 283, 292, 293, 297, 298, 308, 309, 310, 319, 320, 322, 327, 329, 330, 331, 333, 342, 358, 359, 360, 361, 362, 363, 364, 365, 368, 369, 374, 375, 376, 379, 380, 381, 382, 385, 388, 389, 390, 392, 394, 396, 398, 399, 400, 409, 411, 413, 414, 415, 416, 417, 419, 421, 422, 423, 427, 429, 430, 431, 432, 434, 435, 437, 438, 439, 440, 441, 444, 445, 446, 447, 448, 451, 452, 456, 457, 459, 460, 464, 465, 467, 469, 470, 471, 473, 475, 477, 478, 480, 481, 482, 485, 486, 494, 495, 496, 498, 502, 503, 504, 506, 507, 509, 510, 511, 514, 515, 517, 519, 520, 523, 524, 525, 526, 528, 530, 531, 532, 536, 537, 538, 539, 542, 543, 546, 547, 549, 555, 559, 561, 563, 565, 568, 569, 570, 573, 574, 576, 578, 580, 581, 585, 595, 597, 600, 603, 608, 611, 616, 621, 624, 626, 636, 637, 638, 642, 643, 647, 648, 649, 651, 654, 656, 657, 659, 660, 662, 666, 667, 668, 670, 673, 675, 676, 678, 679, 681, 686, 691, 692, 695, 697, 698, 700, 704, 705, 709, 710, 714, 718, 722, 726, 730, 731, 732, 736, 737, 738, 739, 742, 743, 744, 745, 746, 748, 749, 750, 753, 754, 755, 757, 762, 764, 765, 766, 771, 772, 774], "excluded_lines": []}, "path_utils.py": {"executed_lines": [1, 5, 6, 7, 8, 13, 18, 38, 42, 45, 46, 49, 50, 52, 55, 56, 57, 58, 59, 63, 66, 83, 87, 90, 91, 94, 95, 96, 98, 101, 120, 121, 123, 125, 128, 135], "summary": {"covered_lines": 35, "num_statements": 46, "percent_covered": 76.08695652173913, "percent_covered_display": "76", "missing_lines": 11, "excluded_lines": 0}, "missing_lines": [39, 60, 84, 130, 131, 132, 151, 159, 160, 161, 163], "excluded_lines": []}, "play_history_manager.py": {"executed_lines": [1, 6, 7, 8, 9, 10, 12, 15, 16, 18, 25, 26, 27, 29, 31, 38, 39, 40, 41, 42, 43, 44, 45, 51, 53, 54, 55, 56, 57, 58, 63, 74, 76, 85, 86, 87, 90, 91, 92, 95, 97, 99, 104, 114, 116, 126, 128, 138, 139, 145, 150, 157, 159, 166, 171, 172, 174, 181, 182, 183], "summary": {"covered_lines": 58, "num_statements": 65, "percent_covered": 89.23076923076923, "percent_covered_display": "89", "missing_lines": 7, "excluded_lines": 0}, "missing_lines": [32, 59, 60, 61, 100, 101, 102], "excluded_lines": []}, "playlist_manager.py": {"executed_lines": [1, 6, 7, 8, 9, 11, 14, 15, 17, 24, 25, 26, 28, 30, 31, 33, 34, 35, 36, 37, 38, 39, 40, 42, 44, 45, 46, 47, 48, 49, 54, 65, 66, 67, 69, 70, 71, 73, 78, 79, 81, 91, 92, 93, 95, 96, 97, 99, 110, 111, 112, 114, 115, 116, 118, 119, 120, 122, 123, 124, 126, 133, 142, 152, 153, 155, 156, 163, 174, 175, 176, 178, 181, 182, 183, 185, 186, 187, 188, 190, 201, 202, 203, 205, 207, 208, 209, 211, 212, 213, 214, 216, 228, 232, 234, 235, 236, 238, 239, 240, 243, 245, 247, 248, 250, 260, 261, 262, 264, 265, 266, 267, 269, 280, 281, 282, 284, 285, 286], "summary": {"covered_lines": 117, "num_statements": 122, "percent_covered": 95.90163934426229, "percent_covered_display": "96", "missing_lines": 5, "excluded_lines": 0}, "missing_lines": [50, 51, 52, 229, 230], "excluded_lines": []}, "rss_manager.py": {"executed_lines": [1, 2, 3, 4, 5, 6, 7, 10, 11, 13, 14, 15, 16, 18, 27, 28, 31, 32, 33, 34, 39, 49, 50, 51, 52, 55, 58, 60, 106, 146, 165, 171, 173, 275, 304, 306, 310, 316, 317, 318, 319, 321, 327, 328, 329, 330, 332, 341, 342, 344, 351, 352, 359, 361, 367, 368, 369, 370, 372, 381, 382, 384, 390], "summary": {"covered_lines": 61, "num_statements": 149, "percent_covered": 40.939597315436245, "percent_covered_display": "41", "missing_lines": 88, "excluded_lines": 0}, "missing_lines": [35, 36, 56, 69, 70, 73, 75, 76, 83, 84, 91, 93, 99, 100, 116, 117, 118, 125, 126, 127, 134, 138, 140, 155, 156, 157, 158, 160, 161, 162, 163, 184, 185, 186, 187, 190, 191, 193, 194, 196, 197, 199, 200, 201, 202, 203, 204, 205, 206, 207, 208, 209, 212, 213, 216, 218, 219, 221, 224, 225, 228, 229, 232, 234, 236, 238, 241, 242, 244, 246, 247, 248, 251, 253, 264, 269, 271, 272, 273, 284, 285, 287, 288, 289, 290, 295, 296, 302], "excluded_lines": []}, "rss_window.py": {"executed_lines": [1, 2, 3, 4, 5, 6, 7, 10, 11, 13, 26, 369, 386, 404, 432, 475, 479, 546, 551, 573, 603, 610, 633, 637, 659, 673, 691, 702, 728, 774, 788, 802], "summary": {"covered_lines": 30, "num_statements": 389, "percent_covered": 7.712082262210797, "percent_covered_display": "8", "missing_lines": 359, "excluded_lines": 0}, "missing_lines": [14, 15, 16, 17, 18, 19, 20, 21, 22, 23, 24, 28, 30, 31, 32, 33, 34, 35, 36, 37, 38, 39, 41, 43, 44, 47, 48, 49, 50, 53, 54, 55, 56, 57, 58, 59, 62, 63, 66, 67, 69, 76, 79, 80, 83, 84, 87, 93, 98, 105, 111, 114, 117, 123, 125, 131, 134, 135, 138, 139, 140, 142, 150, 153, 154, 156, 157, 159, 165, 166, 168, 169, 172, 173, 175, 183, 186, 187, 189, 196, 198, 199, 201, 211, 214, 221, 224, 225, 227, 229, 242, 244, 257, 259, 272, 275, 276, 278, 279, 281, 287, 288, 289, 290, 291, 292, 293, 294, 297, 298, 299, 302, 303, 305, 306, 308, 316, 319, 325, 328, 329, 331, 342, 343, 346, 347, 348, 349, 352, 361, 364, 366, 372, 373, 376, 378, 379, 380, 383, 384, 388, 389, 390, 392, 393, 395, 396, 398, 399, 402, 411, 412, 414, 415, 418, 419, 422, 423, 424, 427, 429, 430, 439, 441, 442, 443, 446, 447, 450, 452, 453, 456, 457, 458, 459, 460, 463, 464, 465, 468, 469, 472, 473, 477, 481, 482, 484, 485, 488, 489, 492, 493, 494, 495, 496, 497, 498, 499, 501, 503, 505, 506, 507, 508, 509, 510, 511, 512, 513, 514, 515, 518, 519, 520, 521, 524, 525, 528, 530, 531, 532, 534, 535, 536, 537, 538, 539, 540, 542, 543, 544, 548, 549, 553, 554, 555, 557, 558, 560, 561, 563, 564, 565, 567, 568, 570, 571, 579, 580, 583, 586, 587, 590, 593, 594, 596, 597, 599, 601, 605, 606, 607, 608, 612, 613, 614, 615, 617, 618, 620, 621, 623, 624, 625, 626, 627, 628, 629, 630, 631, 635, 640, 641, 642, 644, 645, 647, 648, 650, 653, 654, 655, 657, 665, 666, 667, 669, 670, 671, 675, 677, 678, 680, 683, 685, 686, 687, 689, 694, 697, 698, 700, 709, 710, 711, 714, 716, 717, 720, 721, 722, 723, 724, 725, 726, 731, 732, 733, 735, 736, 738, 739, 741, 742, 743, 745, 746, 747, 750, 753, 754, 757, 761, 762, 765, 768, 769, 772, 782, 783, 785, 786, 796, 797, 799, 800, 804, 805, 806], "excluded_lines": []}, "settings_window.py": {"executed_lines": [1, 2, 3, 6, 7, 9, 16, 409, 446, 520], "summary": {"covered_lines": 8, "num_statements": 200, "percent_covered": 4.0, "percent_covered_display": "4", "missing_lines": 192, "excluded_lines": 0}, "missing_lines": [10, 11, 12, 13, 14, 18, 19, 20, 21, 24, 25, 28, 29, 30, 31, 34, 35, 36, 37, 38, 39, 42, 43, 46, 53, 55, 62, 65, 66, 68, 69, 72, 73, 76, 77, 80, 89, 95, 96, 98, 104, 106, 107, 109, 117, 119, 120, 128, 131, 132, 133, 134, 135, 136, 137, 140, 141, 144, 145, 147, 153, 155, 156, 158, 166, 168, 169, 177, 180, 181, 182, 183, 184, 185, 186, 189, 190, 192, 193, 195, 203, 206, 207, 209, 210, 213, 214, 216, 222, 224, 232, 235, 236, 240, 241, 243, 244, 254, 256, 271, 274, 282, 285, 293, 296, 304, 307, 308, 310, 311, 314, 315, 317, 323, 325, 333, 336, 340, 341, 343, 354, 357, 365, 368, 376, 379, 380, 383, 389, 392, 398, 401, 404, 411, 412, 413, 417, 419, 420, 423, 424, 425, 426, 427, 428, 431, 432, 440, 443, 444, 448, 449, 450, 453, 454, 455, 457, 458, 459, 460, 461, 464, 465, 466, 467, 470, 471, 480, 481, 484, 485, 486, 487, 492, 493, 494, 495, 496, 501, 502, 505, 506, 507, 509, 510, 513, 514, 516, 518, 522, 523, 524], "excluded_lines": []}, "stats_window.py": {"executed_lines": [1, 2, 3, 6, 7, 9, 14, 202, 227], "summary": {"covered_lines": 7, "num_statements": 100, "percent_covered": 7.0, "percent_covered_display": "7", "missing_lines": 93, "excluded_lines": 0}, "missing_lines": [10, 11, 12, 16, 17, 18, 19, 22, 23, 26, 27, 28, 29, 32, 33, 34, 35, 36, 37, 38, 41, 42, 45, 52, 54, 61, 64, 65, 68, 70, 72, 73, 75, 82, 84, 91, 94, 95, 98, 101, 104, 106, 107, 109, 110, 113, 114, 117, 118, 119, 120, 122, 124, 130, 133, 134, 136, 144, 147, 148, 151, 152, 159, 162, 169, 172, 173, 174, 181, 184, 185, 187, 188, 189, 195, 198, 200, 211, 212, 213, 214, 215, 216, 218, 219, 220, 221, 223, 224, 225, 229, 230, 231], "excluded_lines": []}, "test_music_fix.py": {"executed_lines": [], "summary": {"covered_lines": 0, "num_statements": 33, "percent_covered": 0.0, "percent_covered_display": "0", "missing_lines": 33, "excluded_lines": 0}, "missing_lines": [2, 3, 4, 6, 7, 9, 10, 11, 14, 15, 17, 18, 19, 22, 23, 25, 26, 28, 29, 30, 32, 33, 35, 36, 38, 39, 40, 41, 42, 43, 45, 46, 47], "excluded_lines": []}, "test_music_playback_view.py": {"executed_lines": [], "summary": {"covered_lines": 0, "num_statements": 107, "percent_covered": 0.0, "percent_covered_display": "0", "missing_lines": 107, "excluded_lines": 0}, "missing_lines": [2, 3, 4, 5, 8, 11, 14, 15, 16, 17, 20, 21, 22, 23, 24, 27, 28, 29, 32, 35, 46, 49, 51, 53, 54, 55, 56, 58, 60, 61, 62, 63, 64, 65, 66, 67, 69, 71, 72, 73, 74, 75, 77, 79, 80, 82, 86, 88, 90, 92, 94, 95, 97, 99, 104, 105, 106, 108, 110, 114, 115, 118, 120, 123, 124, 127, 128, 130, 132, 135, 136, 138, 140, 141, 143, 146, 147, 150, 151, 154, 155, 158, 159, 161, 163, 164, 166, 168, 169, 171, 174, 175, 176, 179, 182, 183, 184, 185, 186, 188, 189, 192, 194, 196, 197, 200, 201], "excluded_lines": []}, "tests\\__init__.py": {"executed_lines": [1], "summary": {"covered_lines": 0, "num_statements": 0, "percent_covered": 100.0, "percent_covered_display": "100", "missing_lines": 0, "excluded_lines": 0}, "missing_lines": [], "excluded_lines": []}, "tests\\conftest.py": {"executed_lines": [1, 2, 3, 4, 5, 6, 9, 12, 13, 15, 16, 26, 27, 29, 32, 33, 34, 35, 38, 39, 41, 42, 45, 46, 47], "summary": {"covered_lines": 24, "num_statements": 26, "percent_covered": 92.3076923076923, "percent_covered_display": "92", "missing_lines": 2, "excluded_lines": 0}, "missing_lines": [48, 49], "excluded_lines": []}, "tests\\test_audio_manager.py": {"executed_lines": [1, 2, 3, 4, 7, 8, 10, 11, 13, 14, 16, 18, 19, 21, 22, 24, 26, 29, 31, 32, 35, 36, 37, 39, 40, 41, 43, 45, 46, 47, 49, 50, 51, 53, 54, 56, 58, 59, 60, 62, 64, 65, 68, 69, 70, 72, 74, 76, 78, 79, 80, 83, 84, 86, 87, 89, 91, 92, 93, 96, 98, 99, 100, 103, 104, 105, 106, 108, 111, 112, 113, 114, 116, 117, 119, 120, 121, 123, 124, 125, 128, 130, 134, 135, 136, 137, 139, 140, 141, 142, 144, 145, 146, 147, 149, 151, 153, 154, 155, 157, 158, 159, 161, 162, 165, 167, 168, 172, 173, 175, 176, 179, 181, 182, 184, 187, 193, 194, 196], "summary": {"covered_lines": 117, "num_statements": 117, "percent_covered": 100.0, "percent_covered_display": "100", "missing_lines": 0, "excluded_lines": 0}, "missing_lines": [], "excluded_lines": []}, "tests\\test_config_manager.py": {"executed_lines": [1, 2, 3, 4, 5, 8, 9, 11, 14, 16, 18, 19, 20, 21, 22, 24, 26, 28, 29, 30, 32, 34, 35, 37, 39, 42, 43, 44, 46, 48, 49, 51, 52, 54, 55, 56, 58, 60, 61, 63, 64, 66, 68, 70, 72, 74, 76, 78, 80, 82, 84, 86, 87, 89, 90, 92, 93, 94, 95, 97, 99, 101, 103, 105, 107, 108, 115, 116, 118, 120, 122, 124, 126, 128, 130, 132, 133, 135, 137, 139, 142, 143, 146, 147, 149, 151, 154, 155, 158, 159, 161, 162, 164, 166, 169, 170, 173, 176, 178, 179, 181, 183, 186, 187, 190, 191, 194, 195, 197, 199, 202, 203, 204, 207, 208, 209, 212, 213, 214], "summary": {"covered_lines": 117, "num_statements": 117, "percent_covered": 100.0, "percent_covered_display": "100", "missing_lines": 0, "excluded_lines": 0}, "missing_lines": [], "excluded_lines": []}, "tests\\test_main.py": {"executed_lines": [1, 2, 3, 4, 7, 8, 10, 11, 18, 19, 21, 28, 36, 38, 39, 41, 42, 44, 46, 47, 49, 50, 52, 54, 55, 57, 58, 60, 62, 65, 66, 67, 69, 70, 72, 74, 77, 78, 79, 81, 82, 84, 86, 89, 90, 91, 93, 94, 96, 98, 101, 103, 104, 106, 108, 109, 112, 113, 115, 116, 117, 118, 121, 124, 125, 126, 128, 130, 131, 134, 135, 138, 141, 143, 145, 146, 149, 150, 152, 153, 154, 155, 158, 161, 163, 165, 166, 168, 169, 171, 173, 174, 177, 179, 181, 182, 185, 186, 187, 188, 191, 194, 195, 197, 199, 200, 203, 206, 209, 211, 213, 214, 217, 220, 223, 225, 227, 228, 231, 234, 237, 239, 241, 244, 246, 247, 248, 250, 252, 255, 257, 258, 259, 261, 263, 264, 265, 268, 271, 272, 273, 274, 275, 277, 279, 281, 284], "summary": {"covered_lines": 145, "num_statements": 149, "percent_covered": 97.31543624161074, "percent_covered_display": "97", "missing_lines": 4, "excluded_lines": 0}, "missing_lines": [13, 14, 15, 16], "excluded_lines": []}, "tests\\test_music_download_dialog.py": {"executed_lines": [1, 2, 3, 4, 5, 8, 9, 11, 12, 13, 16, 17, 19, 20, 21, 22, 23, 24, 27, 28, 30, 31, 32, 36, 50, 53, 54, 56, 59, 60, 62, 70, 71, 73, 75, 76, 77, 78, 79, 80, 82, 83, 85, 87, 90, 91, 92, 94, 95, 96, 97, 98, 99, 100, 101, 104, 105, 106, 108, 111, 112, 113, 115, 116, 117, 118, 119, 120, 121, 122, 126, 127, 128, 130, 133, 135, 137, 138, 139, 141, 143, 144, 146, 148, 150, 152, 153, 154, 155, 157, 158, 160, 161, 164, 166, 167, 169, 170, 173, 175, 176, 178, 179, 182, 184, 185, 187, 188, 191, 193, 194, 195, 197, 198, 200, 203, 205, 207, 208, 209, 210, 211, 212, 213, 216, 217, 218, 220, 225, 228, 229, 231, 232, 234, 237, 239, 240, 241, 243, 244, 246, 249, 251, 253, 254, 255, 256, 257, 259, 260, 261, 262, 264, 267, 268, 270, 272, 274, 275, 277, 280, 282, 284, 286, 289, 291, 292, 293, 295, 296, 297, 298, 300, 303, 305, 307, 308, 309, 311, 312, 313, 315, 318, 320, 321, 322, 324, 325, 326, 328, 331, 333, 335, 336, 337, 340, 346, 349, 351, 353, 354, 355, 358, 364, 367, 370], "summary": {"covered_lines": 204, "num_statements": 205, "percent_covered": 99.51219512195122, "percent_covered_display": "99", "missing_lines": 1, "excluded_lines": 0}, "missing_lines": [371], "excluded_lines": []}, "tests\\test_music_file_manager.py": {"executed_lines": [1, 2, 3, 4, 5, 6, 7, 10, 11, 13, 14, 16, 17, 19, 20, 22, 23, 25, 27, 28, 30, 31, 34, 35, 36, 39, 40, 41, 43, 50, 52, 53, 55, 57, 58, 60, 61, 62, 63, 65, 67, 68, 70, 72, 73, 75, 77, 78, 79, 81, 82, 84, 86, 87, 90, 91, 93, 95, 96, 97, 99, 101, 102, 104, 105, 107, 109, 110, 112, 113, 115, 117, 118, 120, 122, 123, 125, 126, 128, 129, 131, 133, 134, 135, 138, 139, 141, 143, 144, 146, 148, 149, 151, 153, 155, 156, 157, 159, 162, 164, 166, 167, 169, 171, 176, 177, 179, 181, 182, 184, 186, 189, 190, 192, 193, 194, 195, 197, 199, 200, 202, 204, 205, 206, 209, 210, 212, 213, 215, 218, 220, 221, 223, 225, 226, 227, 229, 231, 232, 234, 235, 237, 239, 240, 242], "summary": {"covered_lines": 143, "num_statements": 143, "percent_covered": 100.0, "percent_covered_display": "100", "missing_lines": 0, "excluded_lines": 0}, "missing_lines": [], "excluded_lines": []}, "tests\\test_music_folder_actions.py": {"executed_lines": [1, 2, 3, 4, 5, 8, 9, 11, 14, 15, 16, 19, 22, 25, 32, 34, 35, 36, 37, 38, 40, 41, 42, 45, 46, 49, 52, 53, 54, 55, 57, 58, 61, 64, 67, 68, 70, 71, 74, 77, 80, 81, 83, 84, 85, 88, 89, 90, 93, 96, 97, 98, 100, 101, 102, 105, 106, 109, 112, 113, 114, 115, 117, 118, 121, 124, 127, 128, 130, 131, 134, 137, 140, 141, 143, 144, 145, 148, 149, 150, 153, 156, 157, 158, 160, 161, 162, 165, 166, 169, 172, 173, 174, 175, 177, 178, 181, 184, 187, 188, 190, 191, 192, 195, 196, 199, 202, 203, 204, 206, 207, 210, 211, 212, 215, 216, 217, 218, 221, 224, 225, 227, 228, 231, 232, 233, 235, 236, 237, 239, 242, 243, 244, 245, 248, 251, 252, 254, 255, 258, 259, 260, 262, 263, 264, 266, 269, 270, 271, 272, 275, 278, 279, 280, 283], "summary": {"covered_lines": 153, "num_statements": 156, "percent_covered": 98.07692307692308, "percent_covered_display": "98", "missing_lines": 3, "excluded_lines": 0}, "missing_lines": [238, 265, 284], "excluded_lines": []}, "tests\\test_music_header_view.py": {"executed_lines": [1, 2, 3, 4, 5, 8, 9, 11, 13, 14, 15, 16, 17, 18, 20, 22, 23, 27, 29, 36, 37, 39, 41, 48, 49, 51, 53, 60, 61, 62, 64, 66, 73, 74, 75, 77, 79, 86, 87, 88, 90, 92, 99, 100, 101, 103, 105, 112, 113, 114, 116, 118, 126, 128, 130, 132, 140, 142, 144, 158, 172, 174, 182, 183, 185, 187, 195, 197, 199, 200, 201, 202, 203, 204, 206, 208, 215, 217, 219, 221, 229, 230, 231, 232, 235], "summary": {"covered_lines": 83, "num_statements": 92, "percent_covered": 90.21739130434783, "percent_covered_display": "90", "missing_lines": 9, "excluded_lines": 0}, "missing_lines": [24, 25, 146, 154, 156, 160, 168, 170, 236], "excluded_lines": []}, "tests\\test_music_history_dialog.py": {"executed_lines": [1, 2, 3, 4, 5, 8, 9, 11, 12, 15, 16, 18, 19, 20, 34, 44, 45, 48, 49, 51, 52, 64, 67, 68, 70, 77, 78, 80, 82, 83, 84, 86, 87, 88, 89, 90, 91, 92, 94, 95, 97, 100, 101, 103, 104, 105, 106, 107, 108, 109, 111, 112, 114, 117, 119, 120, 121, 122, 123, 124, 125, 127, 128, 129, 131, 134, 136, 137, 138, 139, 140, 141, 142, 144, 145, 147, 150, 152, 153, 154, 155, 156, 157, 158, 160, 161, 163, 166, 167, 169, 170, 171, 172, 173, 174, 175, 177, 178, 180, 183, 185, 186, 187, 188, 189, 190, 191, 193, 194, 196, 199, 201, 202, 203, 204, 205, 206, 207, 209, 210, 212, 215, 217, 218, 219, 221, 222, 224, 227, 229, 231, 233, 234, 236, 237, 239, 242, 244, 246, 248, 249, 250, 251, 252, 254, 256, 257, 258, 259, 260, 263], "summary": {"covered_lines": 149, "num_statements": 150, "percent_covered": 99.33333333333333, "percent_covered_display": "99", "missing_lines": 1, "excluded_lines": 0}, "missing_lines": [264], "excluded_lines": []}, "tests\\test_music_library_view.py": {"executed_lines": [1, 2, 3, 4, 5, 8, 9, 11, 14, 15, 18, 19, 20, 24, 25, 29, 32, 33, 38, 39, 40, 42, 44, 45, 49, 51, 53, 62, 65, 66, 69, 70, 72, 74, 76, 85, 88, 90, 92, 94, 103, 104, 107, 108, 109, 111, 113, 115, 124, 125, 126, 127, 130, 133, 135, 137, 139, 148, 154, 157, 158, 160, 162, 164, 173, 176, 179, 180, 181, 183, 186, 188, 190, 192, 201, 204, 207, 209, 211, 213, 222, 225, 227, 229, 231, 240, 243, 246, 247, 248, 251, 252, 254, 256, 259, 260, 262, 272, 273, 275, 277, 279, 280, 282, 293, 294, 295, 296, 299, 301, 303, 305, 314, 318, 321, 324, 325, 326, 328, 330, 332, 341, 344, 347, 350, 351, 353, 355, 357, 366, 367, 368, 371, 374, 375, 377, 379, 381, 390, 391, 393, 395, 397, 406, 407, 408, 409, 411, 413, 415, 424, 425, 427, 428, 429, 432, 434, 436, 438, 447, 450, 453, 455, 457, 459, 468, 471, 472, 475], "summary": {"covered_lines": 167, "num_statements": 170, "percent_covered": 98.23529411764706, "percent_covered_display": "98", "missing_lines": 3, "excluded_lines": 0}, "missing_lines": [46, 47, 476], "excluded_lines": []}, "tests\\test_music_manager.py": {"executed_lines": [1, 2, 3, 4, 5, 6, 9, 10, 12, 13, 15, 16, 18, 19, 21, 23, 26, 27, 28, 29, 31, 33, 34, 36, 38, 40, 42, 43, 44, 46, 49, 50, 53, 54, 55, 58, 59, 68, 69, 72, 74, 75, 76, 77, 79, 81, 83, 85, 86, 87, 89, 91, 92, 94, 96, 97, 99, 101, 103, 105, 107, 108, 110, 112, 113, 115, 117, 124, 125, 128, 129, 132, 133, 135, 137, 142, 144, 145, 147, 149, 151, 153, 155, 157, 158, 159, 160, 163, 164, 166, 169, 172, 177, 178, 179, 182, 186, 188, 190, 192, 195, 198, 203, 204, 205, 208, 211, 213, 216, 219, 220, 223, 226, 227, 228], "summary": {"covered_lines": 113, "num_statements": 113, "percent_covered": 100.0, "percent_covered_display": "100", "missing_lines": 0, "excluded_lines": 0}, "missing_lines": [], "excluded_lines": []}, "tests\\test_music_metadata_fetcher.py": {"executed_lines": [2, 8, 9, 10, 11, 12, 15, 16, 18, 19, 22, 23, 25, 26, 27, 30, 31, 33, 35, 36, 37, 39, 42, 43, 45, 46, 48, 58, 59, 61, 63, 65, 67, 68, 69, 70, 71, 73, 75, 76, 79, 80, 82, 84, 86, 88, 89, 91, 93, 95, 96, 98, 100, 102, 103, 106, 107, 109, 112, 113, 114, 116, 118, 120, 122, 124, 126, 127, 128, 130, 133, 135, 137, 140, 141, 142, 144, 146, 148, 149, 151, 154, 155, 156, 158, 160, 162, 164, 167, 168, 169, 171, 173, 175, 177, 179, 187, 189, 190, 191, 192, 195, 196, 198, 199, 202, 203, 212, 213, 215, 217, 218, 219, 220, 221, 224, 225, 226, 228, 229, 231, 232, 241, 242, 244, 246, 247, 249, 250, 252, 253, 254, 255, 257, 259, 260, 261, 263, 264, 266, 267, 268, 269, 271, 273, 274, 275, 277, 278, 280, 281, 282, 283, 285, 287, 289, 290, 292, 294, 296, 298, 299, 301, 303, 305, 307, 308, 310, 311, 312, 313, 315, 317, 320, 321, 323, 324, 326, 327, 328, 329, 331, 333, 334, 335, 336, 337, 339, 340, 342, 344, 346, 348, 349, 351, 353, 355, 357, 359, 361, 363, 365, 367, 370, 371, 373, 376, 377, 382, 383, 385, 390, 392, 394, 397, 398, 400, 401, 402, 403, 405, 407, 409, 412, 416, 418, 420, 421, 424, 425, 427, 428, 429, 431, 433, 438, 439, 441, 443, 445, 447, 448, 454, 455, 458, 463, 465, 467, 469, 470, 472, 473, 474, 476, 478, 479, 480, 481, 483, 484, 486, 488, 491, 492, 494, 495, 498, 499, 500, 503, 504, 513, 516, 517, 518, 520, 522, 523, 525, 526, 527, 528, 531, 532, 534, 536, 538, 539, 541, 543, 545, 546, 548, 550, 552, 553, 555, 557, 560, 561, 563, 564, 566, 567, 569, 571, 572, 574, 575, 576, 577, 579, 582, 583, 584, 586, 587, 589, 592, 593, 594, 596, 597, 599, 600, 601, 602, 604, 606, 607, 608, 610, 611, 613, 615, 617, 618, 620, 621, 622, 623, 625, 627, 628, 629], "summary": {"covered_lines": 337, "num_statements": 338, "percent_covered": 99.70414201183432, "percent_covered_display": "99", "missing_lines": 1, "excluded_lines": 0}, "missing_lines": [410], "excluded_lines": []}, "tests\\test_music_player_controller.py": {"executed_lines": [1, 2, 3, 4, 5, 6, 7, 10, 11, 13, 14, 16, 17, 19, 20, 21, 23, 24, 27, 28, 29, 32, 33, 34, 36, 59, 61, 63, 65, 66, 67, 68, 69, 70, 71, 72, 74, 76, 78, 79, 80, 82, 83, 85, 86, 88, 90, 92, 93, 94, 95, 96, 97, 98, 100, 101, 103, 106, 108, 110, 111, 113, 114, 116, 117, 120, 121, 122, 125, 126, 127, 128, 131, 132, 133, 134, 136, 137, 139, 140, 141, 144, 145, 146, 149, 150, 151, 154, 155, 156, 158, 159, 161, 162, 163, 166, 167, 168, 171, 172, 173, 175, 176, 178, 179, 180, 183, 184, 185, 186, 189, 190, 193, 194, 196, 197, 199, 200, 203, 204, 205, 208, 209, 210, 212, 213, 215, 217, 218, 219, 221, 222, 223, 225, 227, 230, 231, 234, 235, 238, 239, 240, 243, 244, 246, 248, 250, 251, 252, 254, 255, 256, 258, 259, 261, 264, 265, 266, 269, 270, 271, 272, 274, 275, 277, 278, 280, 281, 282, 283, 285, 286, 288, 289, 291, 292], "summary": {"covered_lines": 174, "num_statements": 174, "percent_covered": 100.0, "percent_covered_display": "100", "missing_lines": 0, "excluded_lines": 0}, "missing_lines": [], "excluded_lines": []}, "tests\\test_music_playlist_dialog.py": {"executed_lines": [1, 2, 3, 4, 7, 8, 10, 13, 14, 20, 23, 24, 28, 36, 38, 40, 42, 44, 50, 51, 52, 53, 55, 56, 57, 58, 59, 60, 61, 62, 65, 66, 68, 74, 76, 77, 78, 80, 81, 82, 83, 85, 86, 88, 94, 95, 97, 101, 102, 104, 105, 107, 109, 115, 116, 118, 120, 121, 123, 125, 131, 132, 134, 136, 137, 138, 139, 141, 142, 144, 150, 151, 153, 154, 155, 157, 158, 160, 162, 168, 169, 171, 173, 174, 175, 176, 178, 179, 181, 187, 188, 190, 191, 192, 194, 195, 197, 199, 205, 206, 208, 210, 211, 212, 213, 215, 216, 218, 224, 225, 227, 231, 232, 234, 235, 237, 239, 245, 246, 248, 250, 251, 252, 253, 254, 255, 256, 259, 260, 262, 268, 269, 271, 272, 274, 275, 277, 278, 280, 286, 287, 289, 291, 292, 293, 294, 295, 296, 297, 298, 301, 302, 304, 310, 312, 313, 314, 316, 317, 319, 321, 327, 329, 330, 332, 334, 336, 343, 345, 347, 349, 351, 358, 359, 361, 363, 366], "summary": {"covered_lines": 175, "num_statements": 176, "percent_covered": 99.43181818181819, "percent_covered_display": "99", "missing_lines": 1, "excluded_lines": 0}, "missing_lines": [367], "excluded_lines": []}, "tests\\test_music_search_view.py": {"executed_lines": [1, 2, 3, 4, 5, 8, 9, 11, 14, 15, 18, 19, 25, 26, 28, 30, 31, 33, 35, 43, 46, 47, 49, 51, 53, 59, 60, 62, 64, 66, 73, 74, 77, 80, 81, 82, 84, 86, 88, 96, 97, 100, 103, 106, 108, 110, 112, 119, 120, 123, 126, 129, 131, 133, 135, 141, 144, 145, 147, 149, 151, 157, 158, 161, 164, 166, 168, 170, 172, 179, 180, 183, 186, 188, 190, 192, 198, 199, 202, 204, 206, 208, 214, 217, 220, 222, 224, 232, 233, 236, 239, 241, 243, 245, 252, 253, 254, 257, 258, 259, 260, 263, 264, 265, 266, 268, 270, 272, 278, 279, 280, 281, 282, 283, 285, 288], "summary": {"covered_lines": 114, "num_statements": 115, "percent_covered": 99.1304347826087, "percent_covered_display": "99", "missing_lines": 1, "excluded_lines": 0}, "missing_lines": [289], "excluded_lines": []}, "tests\\test_music_song_actions.py": {"executed_lines": [1, 2, 3, 4, 5, 8, 9, 11, 14, 15, 18, 19, 20, 25, 28, 29, 30, 33, 34, 36, 38, 39, 41, 43, 51, 52, 53, 54, 56, 58, 65, 66, 69, 72, 73, 74, 75, 76, 78, 80, 87, 88, 91, 94, 95, 96, 97, 98, 100, 102, 108, 110, 112, 113, 116, 118, 125, 126, 129, 132, 135, 138, 141, 143, 144, 147, 149, 156, 157, 160, 163, 166, 168, 169, 172, 173, 175, 182, 183, 186, 189, 192, 195, 197, 198, 200, 202, 208, 209, 212, 214, 215, 217, 219, 225, 226, 229, 231, 232, 233, 235, 241, 242, 245, 247, 249, 256, 257, 258, 259, 260, 263], "summary": {"covered_lines": 110, "num_statements": 111, "percent_covered": 99.09909909909909, "percent_covered_display": "99", "missing_lines": 1, "excluded_lines": 0}, "missing_lines": [264], "excluded_lines": []}, "tests\\test_music_window.py": {"executed_lines": [1, 2, 3, 4, 5, 6, 7, 10, 12, 15, 16, 18, 21, 22, 23, 24, 27, 28, 29, 30, 33, 34, 35, 36, 39, 69, 70, 71, 73, 74, 79, 81, 84, 87, 88, 91, 94, 97, 98, 101, 102, 106, 107, 108, 110, 112, 120, 121, 122, 125, 128, 129, 132, 133, 134, 137, 138, 139, 142, 143, 144, 149, 152, 160, 161, 162, 164, 166, 174, 175, 176, 179, 182, 185, 186, 191, 194, 202, 203, 204, 206, 208, 216, 217, 218, 221, 224, 227, 228, 233, 236, 244, 245, 246, 248, 250, 258, 259, 260, 263, 266, 269, 272, 277, 282, 285, 294], "summary": {"covered_lines": 105, "num_statements": 131, "percent_covered": 80.1526717557252, "percent_covered_display": "80", "missing_lines": 26, "excluded_lines": 0}, "missing_lines": [75, 76, 77, 103, 104, 114, 116, 118, 155, 158, 168, 170, 172, 197, 200, 210, 212, 214, 239, 242, 252, 254, 256, 288, 291, 295], "excluded_lines": []}, "tests\\test_path_utils.py": {"executed_lines": [1, 2, 3, 4, 11, 12, 14, 17, 18, 20, 21, 23, 26, 27, 29, 30, 32, 35, 36, 38, 39, 41, 43, 44, 46, 47, 49, 51, 52, 54, 57, 58, 60, 62, 63, 64, 66, 68, 69, 71, 73, 74, 76, 78, 79, 81, 83, 84, 86, 89, 92], "summary": {"covered_lines": 49, "num_statements": 49, "percent_covered": 100.0, "percent_covered_display": "100", "missing_lines": 0, "excluded_lines": 0}, "missing_lines": [], "excluded_lines": []}, "tests\\test_play_history_manager.py": {"executed_lines": [1, 5, 6, 7, 8, 9, 10, 13, 14, 16, 17, 19, 20, 21, 23, 25, 26, 28, 30, 32, 33, 34, 35, 37, 40, 53, 54, 57, 58, 59, 60, 62, 64, 70, 72, 73, 74, 75, 77, 79, 86, 88, 90, 91, 92, 94, 96, 102, 103, 105, 106, 108, 111, 112, 113, 116, 117, 119, 120, 122, 125, 126, 127, 130, 132, 134, 136, 138, 140, 143, 144, 146, 148, 151, 158, 159, 160, 161, 163, 166, 167, 168, 169, 170, 171, 172, 174, 176, 177, 179, 181, 184, 185, 186, 188, 190, 193, 194, 195, 198, 200, 201, 202, 203, 205, 208, 209, 210, 213, 215, 216, 218, 219, 221, 224, 225, 226, 229, 232, 233, 235, 237, 238, 240, 241, 244, 245], "summary": {"covered_lines": 125, "num_statements": 125, "percent_covered": 100.0, "percent_covered_display": "100", "missing_lines": 0, "excluded_lines": 0}, "missing_lines": [], "excluded_lines": []}, "tests\\test_playlist_manager.py": {"executed_lines": [1, 5, 6, 7, 8, 9, 12, 13, 15, 16, 18, 19, 20, 22, 24, 25, 27, 29, 31, 32, 34, 37, 44, 45, 48, 49, 50, 52, 54, 56, 57, 58, 59, 60, 62, 64, 65, 67, 69, 70, 71, 73, 75, 76, 78, 79, 81, 83, 84, 86, 88, 89, 91, 92, 93, 94, 96, 98, 99, 101, 103, 104, 105, 106, 108, 110, 111, 112, 114, 116, 117, 119, 120, 121, 122, 124, 126, 127, 129, 131, 132, 134, 135, 136, 137, 138, 140, 142, 143, 145, 147, 148, 150, 151, 152, 153, 155, 157, 158, 159, 160, 162, 163, 164, 166, 168, 169, 170, 172, 173, 174, 176, 178, 179, 181, 183, 184, 185, 187, 188, 189, 190, 192, 194, 195, 196, 198, 200, 201, 203, 205, 206, 207, 208, 211, 213, 214, 215, 217, 219, 220, 222, 223, 225, 227, 228, 229, 231, 233, 234, 235, 237, 239, 240, 241, 242, 244, 246, 247, 249, 251, 252, 254, 255, 256, 258, 260, 261, 263, 266, 267, 268, 269, 272, 275, 276, 277, 278, 279], "summary": {"covered_lines": 177, "num_statements": 177, "percent_covered": 100.0, "percent_covered_display": "100", "missing_lines": 0, "excluded_lines": 0}, "missing_lines": [], "excluded_lines": []}, "tests\\test_rss_manager.py": {"executed_lines": [1, 2, 3, 6, 7, 9, 10, 12, 13, 15, 16, 18, 20, 22, 23, 25, 27, 35, 36, 38, 40, 48, 49, 51, 53, 55, 57, 59, 61, 63, 65, 67, 69, 71, 73, 75, 78, 79, 82, 83, 85, 87, 89, 91, 92, 99, 101, 103, 105, 106, 109, 110, 113, 114, 116, 118, 120, 122, 124, 125, 127, 128, 130, 131], "summary": {"covered_lines": 62, "num_statements": 62, "percent_covered": 100.0, "percent_covered_display": "100", "missing_lines": 0, "excluded_lines": 0}, "missing_lines": [], "excluded_lines": []}, "youtube_downloader.py": {"executed_lines": [1, 2, 3, 4, 5, 6, 9, 10, 12, 22, 45, 118, 315], "summary": {"covered_lines": 11, "num_statements": 104, "percent_covered": 10.576923076923077, "percent_covered_display": "11", "missing_lines": 93, "excluded_lines": 0}, "missing_lines": [18, 20, 31, 34, 38, 39, 40, 41, 43, 55, 57, 75, 83, 84, 85, 86, 89, 90, 91, 92, 93, 94, 95, 96, 104, 105, 106, 108, 109, 111, 112, 113, 114, 115, 116, 129, 131, 132, 135, 138, 156, 164, 165, 166, 172, 173, 174, 175, 178, 179, 180, 182, 183, 186, 187, 188, 198, 219, 220, 221, 222, 235, 241, 242, 243, 244, 245, 247, 248, 250, 251, 252, 254, 256, 264, 265, 266, 267, 274, 286, 287, 289, 291, 301, 302, 307, 308, 309, 321, 322, 328, 329, 330], "excluded_lines": []}}, "totals": {"covered_lines": 4924, "num_statements": 6868, "percent_covered": 71.69481654047758, "percent_covered_display": "72", "missing_lines": 1944, "excluded_lines": 0}}